<?xml version="1.0" encoding="UTF-8"?>
<!-- Generated by org.testng.reporters.JUnitXMLReporter -->
<testsuite ignored="0" hostname="DESKTOP-7EFBDGQ" failures="1" tests="1" name="TestCycle-1" time="4.292" errors="0" timestamp="2024-01-17T19:37:25 IST">
  <testcase classname="testNgAnotation.AssertionDemo1" name="gettitlemethod" time="0.026">
    <failure type="java.lang.AssertionError" message="expected [DownloadsSelenium] but found [Downloads | Selenium]">
      <![CDATA[java.lang.AssertionError: expected [DownloadsSelenium] but found [Downloads | Selenium]
at testNgAnotation.AssertionDemo1.gettitlemethod(AssertionDemo1.java:33)
at java.base/java.util.ArrayList.forEach(ArrayList.java:1511)
... Removed 33 stack frames]]>
    </failure>
  </testcase> <!-- gettitlemethod -->
</testsuite> <!-- TestCycle-1 -->
