<?xml version="1.0" encoding="UTF-8"?>
<!-- Generated by org.testng.reporters.JUnitXMLReporter -->
<testsuite ignored="0" hostname="DESKTOP-7EFBDGQ" failures="1" tests="6" name="TestCycle-2" time="2.656" errors="0" timestamp="2024-01-17T19:37:28 IST">
  <testcase classname="testNgAnotation.AssertionDemo1" name="gettitlemethod" time="0.011">
    <failure type="java.lang.AssertionError" message="expected [DownloadsSelenium] but found [Downloads | Selenium]">
      <![CDATA[java.lang.AssertionError: expected [DownloadsSelenium] but found [Downloads | Selenium]
at testNgAnotation.AssertionDemo1.gettitlemethod(AssertionDemo1.java:33)
at java.base/java.util.ArrayList.forEach(ArrayList.java:1511)
... Removed 33 stack frames]]>
    </failure>
  </testcase> <!-- gettitlemethod -->
  <testcase classname="testNgAnotation.TestAnnotationDemo2" name="login" time="0.001"/>
  <testcase classname="testNgAnotation.TestAnnotationDemo2" name="composeEmail" time="0.002"/>
  <testcase classname="testNgAnotation.TestAnnotationDemo2" name="SearchEmail" time="0.002"/>
  <testcase classname="testNgAnotation.TestAnnotationDemo2" name="DeleteEmail" time="0.003"/>
  <testcase classname="testNgAnotation.TestAnnotationDemo2" name="Logout" time="0.004"/>
</testsuite> <!-- TestCycle-2 -->
