<?xml version="1.0" encoding="UTF-8"?>
<testng-results ignored="0" total="16" passed="13" failed="3" skipped="0">
  <reporter-output>
  </reporter-output>
  <suite started-at="2024-01-17T19:37:21 IST" name="TestNGRunner1" finished-at="2024-01-17T19:37:36 IST" duration-ms="15452">
    <groups>
    </groups>
    <test started-at="2024-01-17T19:37:21 IST" name="TestCycle-1" finished-at="2024-01-17T19:37:25 IST" duration-ms="4292">
      <class name="testNgAnotation.AssertionDemo1">
        <test-method is-config="true" signature="openBrowser()[pri:0, instance:testNgAnotation.AssertionDemo1@413d1baf]" started-at="2024-01-17T19:37:21 IST" name="openBrowser" finished-at="2024-01-17T19:37:25 IST" duration-ms="3947" status="PASS">
          <reporter-output>
          </reporter-output>
        </test-method> <!-- openBrowser -->
        <test-method signature="gettitlemethod()[pri:49, instance:testNgAnotation.AssertionDemo1@413d1baf]" started-at="2024-01-17T19:37:25 IST" name="gettitlemethod" finished-at="2024-01-17T19:37:25 IST" duration-ms="26" status="FAIL">
          <exception class="java.lang.AssertionError">
            <message>
              <![CDATA[expected [DownloadsSelenium] but found [Downloads | Selenium]]]>
            </message>
            <full-stacktrace>
              <![CDATA[java.lang.AssertionError: expected [DownloadsSelenium] but found [Downloads | Selenium]
at org.testng.Assert.fail(Assert.java:110)
at org.testng.Assert.failNotEquals(Assert.java:1577)
at org.testng.Assert.assertEqualsImpl(Assert.java:149)
at org.testng.Assert.assertEquals(Assert.java:131)
at org.testng.Assert.assertEquals(Assert.java:655)
at org.testng.Assert.assertEquals(Assert.java:665)
at testNgAnotation.AssertionDemo1.gettitlemethod(AssertionDemo1.java:33)
at java.base/jdk.internal.reflect.NativeMethodAccessorImpl.invoke0(Native Method)
at java.base/jdk.internal.reflect.NativeMethodAccessorImpl.invoke(NativeMethodAccessorImpl.java:77)
at java.base/jdk.internal.reflect.DelegatingMethodAccessorImpl.invoke(DelegatingMethodAccessorImpl.java:43)
at java.base/java.lang.reflect.Method.invoke(Method.java:568)
at org.testng.internal.invokers.MethodInvocationHelper.invokeMethod(MethodInvocationHelper.java:139)
at org.testng.internal.invokers.TestInvoker.invokeMethod(TestInvoker.java:677)
at org.testng.internal.invokers.TestInvoker.invokeTestMethod(TestInvoker.java:221)
at org.testng.internal.invokers.MethodRunner.runInSequence(MethodRunner.java:50)
at org.testng.internal.invokers.TestInvoker$MethodInvocationAgent.invoke(TestInvoker.java:969)
at org.testng.internal.invokers.TestInvoker.invokeTestMethods(TestInvoker.java:194)
at org.testng.internal.invokers.TestMethodWorker.invokeTestMethods(TestMethodWorker.java:148)
at org.testng.internal.invokers.TestMethodWorker.run(TestMethodWorker.java:128)
at java.base/java.util.ArrayList.forEach(ArrayList.java:1511)
at org.testng.TestRunner.privateRun(TestRunner.java:829)
at org.testng.TestRunner.run(TestRunner.java:602)
at org.testng.SuiteRunner.runTest(SuiteRunner.java:437)
at org.testng.SuiteRunner.runSequentially(SuiteRunner.java:431)
at org.testng.SuiteRunner.privateRun(SuiteRunner.java:391)
at org.testng.SuiteRunner.run(SuiteRunner.java:330)
at org.testng.SuiteRunnerWorker.runSuite(SuiteRunnerWorker.java:52)
at org.testng.SuiteRunnerWorker.run(SuiteRunnerWorker.java:95)
at org.testng.TestNG.runSuitesSequentially(TestNG.java:1256)
at org.testng.TestNG.runSuitesLocally(TestNG.java:1176)
at org.testng.TestNG.runSuites(TestNG.java:1099)
at org.testng.TestNG.run(TestNG.java:1067)
at org.testng.remote.AbstractRemoteTestNG.run(AbstractRemoteTestNG.java:115)
at org.testng.remote.RemoteTestNG.initAndRun(RemoteTestNG.java:251)
at org.testng.remote.RemoteTestNG.main(RemoteTestNG.java:77)
]]>
            </full-stacktrace>
          </exception> <!-- java.lang.AssertionError -->
          <reporter-output>
          </reporter-output>
        </test-method> <!-- gettitlemethod -->
        <test-method is-config="true" signature="closebroser()[pri:0, instance:testNgAnotation.AssertionDemo1@413d1baf]" started-at="2024-01-17T19:37:25 IST" name="closebroser" finished-at="2024-01-17T19:37:25 IST" duration-ms="260" status="PASS">
          <reporter-output>
          </reporter-output>
        </test-method> <!-- closebroser -->
      </class> <!-- testNgAnotation.AssertionDemo1 -->
    </test> <!-- TestCycle-1 -->
    <test started-at="2024-01-17T19:37:25 IST" name="TestCycle-2" finished-at="2024-01-17T19:37:28 IST" duration-ms="2656">
      <class name="testNgAnotation.AssertionDemo1">
        <test-method is-config="true" signature="openBrowser()[pri:0, instance:testNgAnotation.AssertionDemo1@304bb45b]" started-at="2024-01-17T19:37:25 IST" name="openBrowser" finished-at="2024-01-17T19:37:27 IST" duration-ms="2410" status="PASS">
          <reporter-output>
          </reporter-output>
        </test-method> <!-- openBrowser -->
        <test-method signature="gettitlemethod()[pri:49, instance:testNgAnotation.AssertionDemo1@304bb45b]" started-at="2024-01-17T19:37:27 IST" name="gettitlemethod" finished-at="2024-01-17T19:37:27 IST" duration-ms="11" status="FAIL">
          <exception class="java.lang.AssertionError">
            <message>
              <![CDATA[expected [DownloadsSelenium] but found [Downloads | Selenium]]]>
            </message>
            <full-stacktrace>
              <![CDATA[java.lang.AssertionError: expected [DownloadsSelenium] but found [Downloads | Selenium]
at org.testng.Assert.fail(Assert.java:110)
at org.testng.Assert.failNotEquals(Assert.java:1577)
at org.testng.Assert.assertEqualsImpl(Assert.java:149)
at org.testng.Assert.assertEquals(Assert.java:131)
at org.testng.Assert.assertEquals(Assert.java:655)
at org.testng.Assert.assertEquals(Assert.java:665)
at testNgAnotation.AssertionDemo1.gettitlemethod(AssertionDemo1.java:33)
at java.base/jdk.internal.reflect.NativeMethodAccessorImpl.invoke0(Native Method)
at java.base/jdk.internal.reflect.NativeMethodAccessorImpl.invoke(NativeMethodAccessorImpl.java:77)
at java.base/jdk.internal.reflect.DelegatingMethodAccessorImpl.invoke(DelegatingMethodAccessorImpl.java:43)
at java.base/java.lang.reflect.Method.invoke(Method.java:568)
at org.testng.internal.invokers.MethodInvocationHelper.invokeMethod(MethodInvocationHelper.java:139)
at org.testng.internal.invokers.TestInvoker.invokeMethod(TestInvoker.java:677)
at org.testng.internal.invokers.TestInvoker.invokeTestMethod(TestInvoker.java:221)
at org.testng.internal.invokers.MethodRunner.runInSequence(MethodRunner.java:50)
at org.testng.internal.invokers.TestInvoker$MethodInvocationAgent.invoke(TestInvoker.java:969)
at org.testng.internal.invokers.TestInvoker.invokeTestMethods(TestInvoker.java:194)
at org.testng.internal.invokers.TestMethodWorker.invokeTestMethods(TestMethodWorker.java:148)
at org.testng.internal.invokers.TestMethodWorker.run(TestMethodWorker.java:128)
at java.base/java.util.ArrayList.forEach(ArrayList.java:1511)
at org.testng.TestRunner.privateRun(TestRunner.java:829)
at org.testng.TestRunner.run(TestRunner.java:602)
at org.testng.SuiteRunner.runTest(SuiteRunner.java:437)
at org.testng.SuiteRunner.runSequentially(SuiteRunner.java:431)
at org.testng.SuiteRunner.privateRun(SuiteRunner.java:391)
at org.testng.SuiteRunner.run(SuiteRunner.java:330)
at org.testng.SuiteRunnerWorker.runSuite(SuiteRunnerWorker.java:52)
at org.testng.SuiteRunnerWorker.run(SuiteRunnerWorker.java:95)
at org.testng.TestNG.runSuitesSequentially(TestNG.java:1256)
at org.testng.TestNG.runSuitesLocally(TestNG.java:1176)
at org.testng.TestNG.runSuites(TestNG.java:1099)
at org.testng.TestNG.run(TestNG.java:1067)
at org.testng.remote.AbstractRemoteTestNG.run(AbstractRemoteTestNG.java:115)
at org.testng.remote.RemoteTestNG.initAndRun(RemoteTestNG.java:251)
at org.testng.remote.RemoteTestNG.main(RemoteTestNG.java:77)
]]>
            </full-stacktrace>
          </exception> <!-- java.lang.AssertionError -->
          <reporter-output>
          </reporter-output>
        </test-method> <!-- gettitlemethod -->
        <test-method is-config="true" signature="closebroser()[pri:0, instance:testNgAnotation.AssertionDemo1@304bb45b]" started-at="2024-01-17T19:37:27 IST" name="closebroser" finished-at="2024-01-17T19:37:28 IST" duration-ms="207" status="PASS">
          <reporter-output>
          </reporter-output>
        </test-method> <!-- closebroser -->
      </class> <!-- testNgAnotation.AssertionDemo1 -->
      <class name="testNgAnotation.TestAnnotationDemo2">
        <test-method signature="login()[pri:49, instance:testNgAnotation.TestAnnotationDemo2@723ca036]" started-at="2024-01-17T19:37:28 IST" name="login" finished-at="2024-01-17T19:37:28 IST" duration-ms="1" status="PASS">
          <reporter-output>
          </reporter-output>
        </test-method> <!-- login -->
        <test-method signature="composeEmail()[pri:50, instance:testNgAnotation.TestAnnotationDemo2@723ca036]" started-at="2024-01-17T19:37:28 IST" name="composeEmail" finished-at="2024-01-17T19:37:28 IST" duration-ms="2" status="PASS">
          <reporter-output>
          </reporter-output>
        </test-method> <!-- composeEmail -->
        <test-method signature="SearchEmail()[pri:51, instance:testNgAnotation.TestAnnotationDemo2@723ca036]" started-at="2024-01-17T19:37:28 IST" name="SearchEmail" finished-at="2024-01-17T19:37:28 IST" duration-ms="2" status="PASS">
          <reporter-output>
          </reporter-output>
        </test-method> <!-- SearchEmail -->
        <test-method signature="DeleteEmail()[pri:52, instance:testNgAnotation.TestAnnotationDemo2@723ca036]" started-at="2024-01-17T19:37:28 IST" name="DeleteEmail" finished-at="2024-01-17T19:37:28 IST" duration-ms="3" status="PASS">
          <reporter-output>
          </reporter-output>
        </test-method> <!-- DeleteEmail -->
        <test-method signature="Logout()[pri:53, instance:testNgAnotation.TestAnnotationDemo2@723ca036]" started-at="2024-01-17T19:37:28 IST" name="Logout" finished-at="2024-01-17T19:37:28 IST" duration-ms="4" status="PASS">
          <reporter-output>
          </reporter-output>
        </test-method> <!-- Logout -->
      </class> <!-- testNgAnotation.TestAnnotationDemo2 -->
    </test> <!-- TestCycle-2 -->
    <test started-at="2024-01-17T19:37:28 IST" name="TestCycle-3" finished-at="2024-01-17T19:37:36 IST" duration-ms="8420">
      <class name="testNgAnotation.AssertionDemo1">
        <test-method is-config="true" signature="openBrowser()[pri:0, instance:testNgAnotation.AssertionDemo1@65987993]" started-at="2024-01-17T19:37:28 IST" name="openBrowser" finished-at="2024-01-17T19:37:30 IST" duration-ms="2249" status="PASS">
          <reporter-output>
          </reporter-output>
        </test-method> <!-- openBrowser -->
        <test-method signature="gettitlemethod()[pri:49, instance:testNgAnotation.AssertionDemo1@65987993]" started-at="2024-01-17T19:37:30 IST" name="gettitlemethod" finished-at="2024-01-17T19:37:30 IST" duration-ms="9" status="FAIL">
          <exception class="java.lang.AssertionError">
            <message>
              <![CDATA[expected [DownloadsSelenium] but found [Downloads | Selenium]]]>
            </message>
            <full-stacktrace>
              <![CDATA[java.lang.AssertionError: expected [DownloadsSelenium] but found [Downloads | Selenium]
at org.testng.Assert.fail(Assert.java:110)
at org.testng.Assert.failNotEquals(Assert.java:1577)
at org.testng.Assert.assertEqualsImpl(Assert.java:149)
at org.testng.Assert.assertEquals(Assert.java:131)
at org.testng.Assert.assertEquals(Assert.java:655)
at org.testng.Assert.assertEquals(Assert.java:665)
at testNgAnotation.AssertionDemo1.gettitlemethod(AssertionDemo1.java:33)
at java.base/jdk.internal.reflect.NativeMethodAccessorImpl.invoke0(Native Method)
at java.base/jdk.internal.reflect.NativeMethodAccessorImpl.invoke(NativeMethodAccessorImpl.java:77)
at java.base/jdk.internal.reflect.DelegatingMethodAccessorImpl.invoke(DelegatingMethodAccessorImpl.java:43)
at java.base/java.lang.reflect.Method.invoke(Method.java:568)
at org.testng.internal.invokers.MethodInvocationHelper.invokeMethod(MethodInvocationHelper.java:139)
at org.testng.internal.invokers.TestInvoker.invokeMethod(TestInvoker.java:677)
at org.testng.internal.invokers.TestInvoker.invokeTestMethod(TestInvoker.java:221)
at org.testng.internal.invokers.MethodRunner.runInSequence(MethodRunner.java:50)
at org.testng.internal.invokers.TestInvoker$MethodInvocationAgent.invoke(TestInvoker.java:969)
at org.testng.internal.invokers.TestInvoker.invokeTestMethods(TestInvoker.java:194)
at org.testng.internal.invokers.TestMethodWorker.invokeTestMethods(TestMethodWorker.java:148)
at org.testng.internal.invokers.TestMethodWorker.run(TestMethodWorker.java:128)
at java.base/java.util.ArrayList.forEach(ArrayList.java:1511)
at org.testng.TestRunner.privateRun(TestRunner.java:829)
at org.testng.TestRunner.run(TestRunner.java:602)
at org.testng.SuiteRunner.runTest(SuiteRunner.java:437)
at org.testng.SuiteRunner.runSequentially(SuiteRunner.java:431)
at org.testng.SuiteRunner.privateRun(SuiteRunner.java:391)
at org.testng.SuiteRunner.run(SuiteRunner.java:330)
at org.testng.SuiteRunnerWorker.runSuite(SuiteRunnerWorker.java:52)
at org.testng.SuiteRunnerWorker.run(SuiteRunnerWorker.java:95)
at org.testng.TestNG.runSuitesSequentially(TestNG.java:1256)
at org.testng.TestNG.runSuitesLocally(TestNG.java:1176)
at org.testng.TestNG.runSuites(TestNG.java:1099)
at org.testng.TestNG.run(TestNG.java:1067)
at org.testng.remote.AbstractRemoteTestNG.run(AbstractRemoteTestNG.java:115)
at org.testng.remote.RemoteTestNG.initAndRun(RemoteTestNG.java:251)
at org.testng.remote.RemoteTestNG.main(RemoteTestNG.java:77)
]]>
            </full-stacktrace>
          </exception> <!-- java.lang.AssertionError -->
          <reporter-output>
          </reporter-output>
        </test-method> <!-- gettitlemethod -->
        <test-method is-config="true" signature="closebroser()[pri:0, instance:testNgAnotation.AssertionDemo1@65987993]" started-at="2024-01-17T19:37:30 IST" name="closebroser" finished-at="2024-01-17T19:37:30 IST" duration-ms="223" status="PASS">
          <reporter-output>
          </reporter-output>
        </test-method> <!-- closebroser -->
      </class> <!-- testNgAnotation.AssertionDemo1 -->
      <class name="testNgAnotation.TestAnnotationDemo2">
        <test-method signature="login()[pri:49, instance:testNgAnotation.TestAnnotationDemo2@71075444]" started-at="2024-01-17T19:37:30 IST" name="login" finished-at="2024-01-17T19:37:30 IST" duration-ms="2" status="PASS">
          <reporter-output>
          </reporter-output>
        </test-method> <!-- login -->
        <test-method signature="composeEmail()[pri:50, instance:testNgAnotation.TestAnnotationDemo2@71075444]" started-at="2024-01-17T19:37:30 IST" name="composeEmail" finished-at="2024-01-17T19:37:30 IST" duration-ms="2" status="PASS">
          <reporter-output>
          </reporter-output>
        </test-method> <!-- composeEmail -->
        <test-method signature="SearchEmail()[pri:51, instance:testNgAnotation.TestAnnotationDemo2@71075444]" started-at="2024-01-17T19:37:30 IST" name="SearchEmail" finished-at="2024-01-17T19:37:30 IST" duration-ms="1" status="PASS">
          <reporter-output>
          </reporter-output>
        </test-method> <!-- SearchEmail -->
        <test-method signature="DeleteEmail()[pri:52, instance:testNgAnotation.TestAnnotationDemo2@71075444]" started-at="2024-01-17T19:37:30 IST" name="DeleteEmail" finished-at="2024-01-17T19:37:30 IST" duration-ms="2" status="PASS">
          <reporter-output>
          </reporter-output>
        </test-method> <!-- DeleteEmail -->
        <test-method signature="Logout()[pri:53, instance:testNgAnotation.TestAnnotationDemo2@71075444]" started-at="2024-01-17T19:37:30 IST" name="Logout" finished-at="2024-01-17T19:37:30 IST" duration-ms="1" status="PASS">
          <reporter-output>
          </reporter-output>
        </test-method> <!-- Logout -->
      </class> <!-- testNgAnotation.TestAnnotationDemo2 -->
      <class name="testNgAnotation.BeforeClassAfterClass">
        <test-method is-config="true" signature="openBrowser()[pri:0, instance:testNgAnotation.BeforeClassAfterClass@4f32a3ad]" started-at="2024-01-17T19:37:30 IST" name="openBrowser" finished-at="2024-01-17T19:37:32 IST" duration-ms="1288" status="PASS">
          <reporter-output>
          </reporter-output>
        </test-method> <!-- openBrowser -->
        <test-method signature="account()[pri:49, instance:testNgAnotation.BeforeClassAfterClass@4f32a3ad]" started-at="2024-01-17T19:37:32 IST" name="account" finished-at="2024-01-17T19:37:33 IST" duration-ms="1213" status="PASS">
          <reporter-output>
          </reporter-output>
        </test-method> <!-- account -->
        <test-method signature="login()[pri:50, instance:testNgAnotation.BeforeClassAfterClass@4f32a3ad]" started-at="2024-01-17T19:37:33 IST" name="login" finished-at="2024-01-17T19:37:35 IST" duration-ms="1966" status="PASS">
          <reporter-output>
          </reporter-output>
        </test-method> <!-- login -->
        <test-method signature="createAccount()[pri:51, instance:testNgAnotation.BeforeClassAfterClass@4f32a3ad]" started-at="2024-01-17T19:37:35 IST" name="createAccount" finished-at="2024-01-17T19:37:36 IST" duration-ms="1201" status="PASS">
          <reporter-output>
          </reporter-output>
        </test-method> <!-- createAccount -->
        <test-method is-config="true" signature="closeBrowser()[pri:0, instance:testNgAnotation.BeforeClassAfterClass@4f32a3ad]" started-at="2024-01-17T19:37:36 IST" name="closeBrowser" finished-at="2024-01-17T19:37:36 IST" duration-ms="241" status="PASS">
          <reporter-output>
          </reporter-output>
        </test-method> <!-- closeBrowser -->
      </class> <!-- testNgAnotation.BeforeClassAfterClass -->
    </test> <!-- TestCycle-3 -->
  </suite> <!-- TestNGRunner1 -->
</testng-results>
